vuser_init.c(18): -----------------------------------------
vuser_init.c(19): 131059.122397732zHtVDfDpzAiDDDDDtAttipVcVzf
choiceFlight.c(167): Цена рейса 540;901;09/04/2021 равна: 901
choiceFlight.c(167): Цена рейса 541;802;09/04/2021 равна: 802
choiceFlight.c(167): Цена рейса 542;852;09/04/2021 равна: 852
choiceFlight.c(167): Цена рейса 543;737;09/04/2021 равна: 737
choiceFlight.c(177): Нет рейсов с нужной ценой. Меняем класс билета.
choiceFlight.c(167): Цена рейса 540;1165;09/04/2021 равна: 1165
choiceFlight.c(167): Цена рейса 541;1038;09/04/2021 равна: 1038
choiceFlight.c(167): Цена рейса 542;1101;09/04/2021 равна: 1101
choiceFlight.c(167): Цена рейса 543;953;09/04/2021 равна: 953
choiceFlight.c(177): Нет рейсов с нужной ценой. Меняем класс билета.
choiceFlight.c(167): Цена рейса 540;621;09/04/2021 равна: 621
choiceFlight.c(167): Цена рейса 541;553;09/04/2021 равна: 553
choiceFlight.c(167): Цена рейса 542;587;09/04/2021 равна: 587
choiceFlight.c(167): Цена рейса 543;508;09/04/2021 равна: 508
choiceFlight.c(177): Нет рейсов с нужной ценой. Меняем класс билета.
choiceFlight.c(167): Цена рейса 300;472;09/04/2021 равна: 472
choiceFlight.c(167): Цена рейса 301;420;09/04/2021 равна: 420
choiceFlight.c(167): Цена рейса 302;446;09/04/2021 равна: 446
choiceFlight.c(167): Цена рейса 303;386;09/04/2021 равна: 386
choiceFlight.c(184): Выбран рейс 301;420;09/04/2021
